2025-07-11T22:34:45 | touched: README.md
2025-05-15T15:34:24 | touched: src/lib.rs
2025-09-26T19:06:54 | touched: LICENSE
2025-04-11T21:10:04 | touched: LICENSE
2025-05-21T19:49:20 | touched: LICENSE
2025-01-05T18:37:19 | touched: Cargo.toml
2025-10-18T00:42:55 | touched: README.md
2025-04-08T07:49:06 | touched: Cargo.toml
2025-10-09T16:54:42 | touched: src/lib.rs
2025-12-18T05:28:11 | touched: src/main.rs
2025-04-09T18:49:16 | touched: LICENSE
2025-07-12T08:16:56 | touched: LICENSE
2025-11-24T20:02:27 | touched: README.md
2025-04-13T08:44:50 | touched: src/lib.rs
2025-01-19T12:29:36 | touched: Cargo.toml
2025-12-03T03:36:16 | touched: LICENSE
2025-07-06T08:11:54 | touched: README.md
2025-03-04T19:49:04 | touched: src/lib.rs
2025-01-17T03:03:40 | touched: src/main.rs
2025-11-04T22:49:10 | touched: src/main.rs
2025-09-06T13:29:43 | touched: LICENSE
2025-12-22T16:26:37 | touched: LICENSE
2025-05-16T03:30:01 | touched: src/main.rs
2025-03-21T18:07:57 | touched: LICENSE
2025-12-24T20:29:47 | touched: LICENSE
2025-10-31T07:45:58 | touched: src/lib.rs
2025-09-03T14:26:15 | touched: LICENSE
2025-10-14T17:59:27 | touched: src/lib.rs
2025-12-22T11:10:54 | touched: src/lib.rs
2025-12-08T13:14:55 | touched: LICENSE
2025-05-25T10:15:03 | touched: Cargo.toml
2025-06-05T03:07:45 | touched: src/main.rs
2025-02-19T02:37:00 | touched: src/main.rs
2025-10-15T15:10:23 | touched: LICENSE
2025-09-04T20:20:19 | touched: src/main.rs
2025-08-03T09:10:19 | touched: README.md
2025-04-15T11:05:45 | touched: src/main.rs
2025-11-02T06:28:02 | touched: Cargo.toml
2025-05-27T23:17:03 | touched: LICENSE
2026-01-13T09:08:44 | touched: Cargo.toml
2025-06-30T11:18:05 | touched: src/lib.rs
2026-01-05T12:20:30 | touched: LICENSE
2025-03-29T17:37:27 | touched: Cargo.toml
2026-01-21T03:54:53 | touched: README.md
